<?xml version="1.0" encoding="UTF-8"?>
<!-- Generated by org.testng.reporters.JUnitReportReporter -->
<testsuite hostname="LAPTOP-18MOMB3S" failures="0" tests="2" name="flight_Search_Functionality.Flight_Search_Functionality" time="48.589" errors="0" timestamp="2025-04-14T21:29:49 IST" skipped="0">
  <testcase classname="flight_Search_Functionality.Flight_Search_Functionality" name="f" time="4.438"/>
  <testcase classname="flight_Search_Functionality.Flight_Search_Functionality" name="testDropdownSelections" time="44.151"/>
</testsuite> <!-- flight_Search_Functionality.Flight_Search_Functionality -->
