<?xml version="1.0" encoding="UTF-8"?>
<!-- Generated by org.testng.reporters.JUnitReportReporter -->
<testsuite hostname="LAPTOP-18MOMB3S" failures="0" tests="5" name="passenger_Details_Form_Testing.Passenger_Details_Form_Testing" time="29.734" errors="0" timestamp="2025-04-14T21:29:49 IST" skipped="0">
  <testcase classname="passenger_Details_Form_Testing.Passenger_Details_Form_Testing" name="f" time="5.957"/>
  <testcase classname="passenger_Details_Form_Testing.Passenger_Details_Form_Testing" name="g" time="5.925"/>
  <testcase classname="passenger_Details_Form_Testing.Passenger_Details_Form_Testing" name="i" time="5.917"/>
  <testcase classname="passenger_Details_Form_Testing.Passenger_Details_Form_Testing" name="h" time="6.696"/>
  <testcase classname="passenger_Details_Form_Testing.Passenger_Details_Form_Testing" name="j" time="5.239"/>
</testsuite> <!-- passenger_Details_Form_Testing.Passenger_Details_Form_Testing -->
