<?xml version="1.0" encoding="UTF-8"?>
<!-- Generated by org.testng.reporters.JUnitReportReporter -->
<testsuite hostname="LAPTOP-18MOMB3S" failures="0" tests="3" name="homepage_UI_Testing.Homepage_UI_Testing" time="16.171" errors="0" timestamp="2025-04-14T21:29:49 IST" skipped="0">
  <testcase classname="homepage_UI_Testing.Homepage_UI_Testing" name="a" time="5.111"/>
  <testcase classname="homepage_UI_Testing.Homepage_UI_Testing" name="b" time="7.348"/>
  <testcase classname="homepage_UI_Testing.Homepage_UI_Testing" name="c" time="3.712"/>
</testsuite> <!-- homepage_UI_Testing.Homepage_UI_Testing -->
