<?xml version="1.0" encoding="UTF-8"?>
<!-- Generated by org.testng.reporters.JUnitReportReporter -->
<testsuite hostname="LAPTOP-18MOMB3S" failures="0" tests="4" name="flight_Selection_Process.Flight_Selection_Process" time="17.443" errors="0" timestamp="2025-04-14T21:29:49 IST" skipped="0">
  <testcase classname="flight_Selection_Process.Flight_Selection_Process" name="f" time="4.465"/>
  <testcase classname="flight_Selection_Process.Flight_Selection_Process" name="g" time="4.693"/>
  <testcase classname="flight_Selection_Process.Flight_Selection_Process" name="h" time="4.038"/>
  <testcase classname="flight_Selection_Process.Flight_Selection_Process" name="i" time="4.247"/>
</testsuite> <!-- flight_Selection_Process.Flight_Selection_Process -->
